*** Starting uWSGI 2.0.15 (64bit) on [Wed Nov 29 10:36:42 2017] ***
compiled with version: 5.2.1 20151010 on 27 November 2017 15:24:47
os: Linux-4.2.0-16-generic #19-Ubuntu SMP Thu Oct 8 15:35:06 UTC 2015
nodename: caker-virtual-machine
machine: x86_64
clock source: unix
detected number of CPU cores: 2
current working directory: /home/caker/web/webs/web
detected binary path: /home/caker/web/webs/bin/uwsgi
!!! no internal routing support, rebuild with pcre support !!!
chdir() to /home/caker/web/webs/web
your processes number limit is 15584
your memory page size is 4096 bytes
detected max file descriptor number: 1024
lock engine: pthread robust mutexes
thunder lock: disabled (you can enable it with --thunder-lock)
uwsgi socket 0 bound to TCP address 127.0.0.1:3400 fd 3
Python version: 2.7.12 (default, Nov 19 2016, 06:48:10)  [GCC 5.4.0 20160609]
Python main interpreter initialized at 0x10de670
python threads support enabled
your server socket listen backlog is limited to 100 connections
your mercy for graceful operations on workers is 60 seconds
mapped 354030 bytes (345 KB) for 4 cores
*** Operational MODE: preforking+threaded ***
WSGI app 0 (mountpoint='') ready in 1 seconds on interpreter 0x10de670 pid: 7255 (default app)
*** uWSGI is running in multiple interpreter mode ***
spawned uWSGI master process (pid: 7255)
spawned uWSGI worker 1 (pid: 7262, cores: 2)
spawned uWSGI worker 2 (pid: 7263, cores: 2)
*** Stats server enabled on 127.0.0.1:9000 fd: 11 ***
[pid: 7262|app: 0|req: 1/1] 127.0.0.1 () {42 vars in 690 bytes} [Wed Nov 29 10:36:50 2017] GET / => generated 18800 bytes in 673 msecs (HTTP/1.1 200) 2 headers in 88 bytes (1 switches on core 0)
[pid: 7263|app: 0|req: 1/2] 127.0.0.1 () {42 vars in 690 bytes} [Wed Nov 29 10:36:53 2017] GET / => generated 18800 bytes in 680 msecs (HTTP/1.1 200) 2 headers in 88 bytes (1 switches on core 0)
*** Starting uWSGI 2.0.15 (64bit) on [Wed Nov 29 10:37:19 2017] ***
compiled with version: 5.2.1 20151010 on 27 November 2017 15:24:47
os: Linux-4.2.0-16-generic #19-Ubuntu SMP Thu Oct 8 15:35:06 UTC 2015
nodename: caker-virtual-machine
machine: x86_64
clock source: unix
detected number of CPU cores: 2
current working directory: /home/caker/web/webs/web
detected binary path: /home/caker/web/webs/bin/uwsgi
!!! no internal routing support, rebuild with pcre support !!!
chdir() to /home/caker/web/webs/web
your processes number limit is 15584
your memory page size is 4096 bytes
detected max file descriptor number: 1024
lock engine: pthread robust mutexes
thunder lock: disabled (you can enable it with --thunder-lock)
probably another instance of uWSGI is running on the same address (127.0.0.1:3400).
bind(): Address already in use [core/socket.c line 769]
*** Starting uWSGI 2.0.15 (64bit) on [Wed Nov 29 10:37:46 2017] ***
compiled with version: 5.2.1 20151010 on 27 November 2017 15:24:47
os: Linux-4.2.0-16-generic #19-Ubuntu SMP Thu Oct 8 15:35:06 UTC 2015
nodename: caker-virtual-machine
machine: x86_64
clock source: unix
detected number of CPU cores: 2
current working directory: /home/caker/web/webs/web
detected binary path: /home/caker/web/webs/bin/uwsgi
!!! no internal routing support, rebuild with pcre support !!!
chdir() to /home/caker/web/webs/web
your processes number limit is 15584
your memory page size is 4096 bytes
detected max file descriptor number: 1024
lock engine: pthread robust mutexes
thunder lock: disabled (you can enable it with --thunder-lock)
probably another instance of uWSGI is running on the same address (127.0.0.1:3400).
bind(): Address already in use [core/socket.c line 769]
[pid: 7262|app: 0|req: 3/3] 127.0.0.1 () {42 vars in 690 bytes} [Wed Nov 29 10:40:09 2017] GET / => generated 18800 bytes in 1043 msecs (HTTP/1.1 200) 2 headers in 88 bytes (1 switches on core 1)
[pid: 7262|app: 0|req: 3/4] 127.0.0.1 () {42 vars in 690 bytes} [Wed Nov 29 10:40:10 2017] GET / => generated 18800 bytes in 1078 msecs (HTTP/1.1 200) 2 headers in 88 bytes (1 switches on core 0)
[pid: 7263|app: 0|req: 2/5] 127.0.0.1 () {42 vars in 690 bytes} [Wed Nov 29 10:40:10 2017] GET / => generated 18800 bytes in 1018 msecs (HTTP/1.1 200) 2 headers in 88 bytes (1 switches on core 1)
[pid: 7262|app: 0|req: 4/6] 127.0.0.1 () {42 vars in 690 bytes} [Wed Nov 29 10:40:23 2017] GET / => generated 18800 bytes in 645 msecs (HTTP/1.1 200) 2 headers in 88 bytes (1 switches on core 1)
[pid: 7263|app: 0|req: 3/7] 127.0.0.1 () {42 vars in 690 bytes} [Wed Nov 29 10:40:25 2017] GET / => generated 18800 bytes in 581 msecs (HTTP/1.1 200) 2 headers in 88 bytes (1 switches on core 0)
[pid: 7262|app: 0|req: 5/8] 127.0.0.1 () {40 vars in 659 bytes} [Wed Nov 29 10:40:43 2017] GET / => generated 18800 bytes in 601 msecs (HTTP/1.1 200) 2 headers in 88 bytes (1 switches on core 0)
[pid: 7262|app: 0|req: 6/9] 127.0.0.1 () {42 vars in 690 bytes} [Wed Nov 29 10:42:58 2017] GET / => generated 18800 bytes in 641 msecs (HTTP/1.1 200) 2 headers in 88 bytes (1 switches on core 1)
[pid: 7262|app: 0|req: 7/10] 127.0.0.1 () {42 vars in 690 bytes} [Wed Nov 29 10:43:07 2017] GET / => generated 18800 bytes in 658 msecs (HTTP/1.1 200) 2 headers in 88 bytes (1 switches on core 0)
Wed Nov 29 10:44:20 2017 - uWSGI worker 1 screams: UAAAAAAH my master disconnected: i will kill myself !!!
Wed Nov 29 10:44:20 2017 - uWSGI worker 2 screams: UAAAAAAH my master disconnected: i will kill myself !!!
Wed Nov 29 10:44:20 2017 - uWSGI worker 1 screams: UAAAAAAH my master disconnected: i will kill myself !!!
Wed Nov 29 10:44:20 2017 - uWSGI worker 2 screams: UAAAAAAH my master disconnected: i will kill myself !!!
